# Logfile created on 2014-05-23 22:24:10 -0400 by logger.rb/36483
I, [2014-05-23T22:24:10.708073 #10852]  INFO -- : 0:  rake (10.1.1) from /Users/michel/.rbenv/versions/2.0.0-p247/lib/ruby/gems/2.0.0/specifications/rake-10.1.1.gemspec
I, [2014-05-23T22:24:10.708906 #10852]  INFO -- : 0:  bundler (1.5.1) from /Users/michel/.rbenv/versions/2.0.0-p247/lib/ruby/gems/2.0.0/specifications/bundler-1.5.1.gemspec
I, [2014-05-23T22:24:10.709236 #10852]  INFO -- : 0:  diff-lcs (1.2.5) from /Users/michel/.rbenv/versions/2.0.0-p247/lib/ruby/gems/2.0.0/specifications/diff-lcs-1.2.5.gemspec
I, [2014-05-23T22:24:10.709504 #10852]  INFO -- : 0:  rspec-core (2.14.8) from /Users/michel/.rbenv/versions/2.0.0-p247/lib/ruby/gems/2.0.0/specifications/rspec-core-2.14.8.gemspec
I, [2014-05-23T22:24:10.709769 #10852]  INFO -- : 0:  rspec-expectations (2.14.5) from /Users/michel/.rbenv/versions/2.0.0-p247/lib/ruby/gems/2.0.0/specifications/rspec-expectations-2.14.5.gemspec
I, [2014-05-23T22:24:10.710026 #10852]  INFO -- : 0:  rspec-mocks (2.14.6) from /Users/michel/.rbenv/versions/2.0.0-p247/lib/ruby/gems/2.0.0/specifications/rspec-mocks-2.14.6.gemspec
I, [2014-05-23T22:24:10.710284 #10852]  INFO -- : 0:  rspec (2.14.1) from /Users/michel/.rbenv/versions/2.0.0-p247/lib/ruby/gems/2.0.0/specifications/rspec-2.14.1.gemspec
I, [2014-05-23T22:24:10.744115 #10852]  INFO -- : 0:  token_attr (0.0.1) from /Users/michel/Code/token_attr/token_attr.gemspec
I, [2014-05-23T22:30:26.886286 #10940]  INFO -- : 0:  rake (10.1.1) from /Users/michel/.rbenv/versions/2.0.0-p247/lib/ruby/gems/2.0.0/specifications/rake-10.1.1.gemspec
I, [2014-05-23T22:30:26.886658 #10940]  INFO -- : 0:  i18n (0.6.9) from /Users/michel/.rbenv/versions/2.0.0-p247/lib/ruby/gems/2.0.0/specifications/i18n-0.6.9.gemspec
I, [2014-05-23T22:30:26.886893 #10940]  INFO -- : 0:  json (1.8.1) from /Users/michel/.rbenv/versions/2.0.0-p247/lib/ruby/gems/2.0.0/specifications/json-1.8.1.gemspec
I, [2014-05-23T22:30:26.887108 #10940]  INFO -- : 0:  minitest (5.3.2) from /Users/michel/.rbenv/versions/2.0.0-p247/lib/ruby/gems/2.0.0/specifications/minitest-5.3.2.gemspec
I, [2014-05-23T22:30:26.887324 #10940]  INFO -- : 0:  thread_safe (0.3.3) from /Users/michel/.rbenv/versions/2.0.0-p247/lib/ruby/gems/2.0.0/specifications/thread_safe-0.3.3.gemspec
I, [2014-05-23T22:30:26.887531 #10940]  INFO -- : 0:  tzinfo (1.1.0) from /Users/michel/.rbenv/versions/2.0.0-p247/lib/ruby/gems/2.0.0/specifications/tzinfo-1.1.0.gemspec
I, [2014-05-23T22:30:26.887778 #10940]  INFO -- : 0:  activesupport (4.1.0) from /Users/michel/.rbenv/versions/2.0.0-p247/lib/ruby/gems/2.0.0/specifications/activesupport-4.1.0.gemspec
I, [2014-05-23T22:30:26.887982 #10940]  INFO -- : 0:  builder (3.2.2) from /Users/michel/.rbenv/versions/2.0.0-p247/lib/ruby/gems/2.0.0/specifications/builder-3.2.2.gemspec
I, [2014-05-23T22:30:26.888187 #10940]  INFO -- : 0:  activemodel (4.1.0) from /Users/michel/.rbenv/versions/2.0.0-p247/lib/ruby/gems/2.0.0/specifications/activemodel-4.1.0.gemspec
I, [2014-05-23T22:30:26.888389 #10940]  INFO -- : 0:  arel (5.0.0) from /Users/michel/.rbenv/versions/2.0.0-p247/lib/ruby/gems/2.0.0/specifications/arel-5.0.0.gemspec
I, [2014-05-23T22:30:26.888592 #10940]  INFO -- : 0:  activerecord (4.1.0) from /Users/michel/.rbenv/versions/2.0.0-p247/lib/ruby/gems/2.0.0/specifications/activerecord-4.1.0.gemspec
I, [2014-05-23T22:30:26.888769 #10940]  INFO -- : 0:  bundler (1.5.1) from /Users/michel/.rbenv/versions/2.0.0-p247/lib/ruby/gems/2.0.0/specifications/bundler-1.5.1.gemspec
I, [2014-05-23T22:30:26.888966 #10940]  INFO -- : 0:  diff-lcs (1.2.5) from /Users/michel/.rbenv/versions/2.0.0-p247/lib/ruby/gems/2.0.0/specifications/diff-lcs-1.2.5.gemspec
I, [2014-05-23T22:30:26.889166 #10940]  INFO -- : 0:  rspec-core (2.14.8) from /Users/michel/.rbenv/versions/2.0.0-p247/lib/ruby/gems/2.0.0/specifications/rspec-core-2.14.8.gemspec
I, [2014-05-23T22:30:26.889369 #10940]  INFO -- : 0:  rspec-expectations (2.14.5) from /Users/michel/.rbenv/versions/2.0.0-p247/lib/ruby/gems/2.0.0/specifications/rspec-expectations-2.14.5.gemspec
I, [2014-05-23T22:30:26.889572 #10940]  INFO -- : 0:  rspec-mocks (2.14.6) from /Users/michel/.rbenv/versions/2.0.0-p247/lib/ruby/gems/2.0.0/specifications/rspec-mocks-2.14.6.gemspec
I, [2014-05-23T22:30:26.889786 #10940]  INFO -- : 0:  rspec (2.14.1) from /Users/michel/.rbenv/versions/2.0.0-p247/lib/ruby/gems/2.0.0/specifications/rspec-2.14.1.gemspec
I, [2014-05-23T22:30:26.889970 #10940]  INFO -- : 0:  sqlite3 (1.3.9) from /Users/michel/.rbenv/versions/2.0.0-p247/lib/ruby/gems/2.0.0/specifications/sqlite3-1.3.9.gemspec
I, [2014-05-23T22:30:26.904345 #10940]  INFO -- : 0:  token_attr (0.0.1) from /Users/michel/Code/token_attr/token_attr.gemspec
I, [2014-05-23T22:32:17.173958 #10996]  INFO -- : 0:  rake (10.1.1) from /Users/michel/.rbenv/versions/2.0.0-p247/lib/ruby/gems/2.0.0/specifications/rake-10.1.1.gemspec
I, [2014-05-23T22:32:17.174324 #10996]  INFO -- : 0:  i18n (0.6.9) from /Users/michel/.rbenv/versions/2.0.0-p247/lib/ruby/gems/2.0.0/specifications/i18n-0.6.9.gemspec
I, [2014-05-23T22:32:17.174560 #10996]  INFO -- : 0:  json (1.8.1) from /Users/michel/.rbenv/versions/2.0.0-p247/lib/ruby/gems/2.0.0/specifications/json-1.8.1.gemspec
I, [2014-05-23T22:32:17.174776 #10996]  INFO -- : 0:  minitest (5.3.2) from /Users/michel/.rbenv/versions/2.0.0-p247/lib/ruby/gems/2.0.0/specifications/minitest-5.3.2.gemspec
I, [2014-05-23T22:32:17.174992 #10996]  INFO -- : 0:  thread_safe (0.3.3) from /Users/michel/.rbenv/versions/2.0.0-p247/lib/ruby/gems/2.0.0/specifications/thread_safe-0.3.3.gemspec
I, [2014-05-23T22:32:17.175199 #10996]  INFO -- : 0:  tzinfo (1.1.0) from /Users/michel/.rbenv/versions/2.0.0-p247/lib/ruby/gems/2.0.0/specifications/tzinfo-1.1.0.gemspec
I, [2014-05-23T22:32:17.175408 #10996]  INFO -- : 0:  activesupport (4.1.0) from /Users/michel/.rbenv/versions/2.0.0-p247/lib/ruby/gems/2.0.0/specifications/activesupport-4.1.0.gemspec
I, [2014-05-23T22:32:17.175612 #10996]  INFO -- : 0:  builder (3.2.2) from /Users/michel/.rbenv/versions/2.0.0-p247/lib/ruby/gems/2.0.0/specifications/builder-3.2.2.gemspec
I, [2014-05-23T22:32:17.175817 #10996]  INFO -- : 0:  activemodel (4.1.0) from /Users/michel/.rbenv/versions/2.0.0-p247/lib/ruby/gems/2.0.0/specifications/activemodel-4.1.0.gemspec
I, [2014-05-23T22:32:17.176019 #10996]  INFO -- : 0:  arel (5.0.0) from /Users/michel/.rbenv/versions/2.0.0-p247/lib/ruby/gems/2.0.0/specifications/arel-5.0.0.gemspec
I, [2014-05-23T22:32:17.176223 #10996]  INFO -- : 0:  activerecord (4.1.0) from /Users/michel/.rbenv/versions/2.0.0-p247/lib/ruby/gems/2.0.0/specifications/activerecord-4.1.0.gemspec
I, [2014-05-23T22:32:17.176401 #10996]  INFO -- : 0:  bundler (1.5.1) from /Users/michel/.rbenv/versions/2.0.0-p247/lib/ruby/gems/2.0.0/specifications/bundler-1.5.1.gemspec
I, [2014-05-23T22:32:17.176600 #10996]  INFO -- : 0:  diff-lcs (1.2.5) from /Users/michel/.rbenv/versions/2.0.0-p247/lib/ruby/gems/2.0.0/specifications/diff-lcs-1.2.5.gemspec
I, [2014-05-23T22:32:17.176803 #10996]  INFO -- : 0:  rspec-core (2.14.8) from /Users/michel/.rbenv/versions/2.0.0-p247/lib/ruby/gems/2.0.0/specifications/rspec-core-2.14.8.gemspec
I, [2014-05-23T22:32:17.177005 #10996]  INFO -- : 0:  rspec-expectations (2.14.5) from /Users/michel/.rbenv/versions/2.0.0-p247/lib/ruby/gems/2.0.0/specifications/rspec-expectations-2.14.5.gemspec
I, [2014-05-23T22:32:17.177200 #10996]  INFO -- : 0:  rspec-mocks (2.14.6) from /Users/michel/.rbenv/versions/2.0.0-p247/lib/ruby/gems/2.0.0/specifications/rspec-mocks-2.14.6.gemspec
I, [2014-05-23T22:32:17.177397 #10996]  INFO -- : 0:  rspec (2.14.1) from /Users/michel/.rbenv/versions/2.0.0-p247/lib/ruby/gems/2.0.0/specifications/rspec-2.14.1.gemspec
I, [2014-05-23T22:32:17.177596 #10996]  INFO -- : 0:  sqlite3 (1.3.9) from /Users/michel/.rbenv/versions/2.0.0-p247/lib/ruby/gems/2.0.0/specifications/sqlite3-1.3.9.gemspec
I, [2014-05-23T22:32:17.205950 #10996]  INFO -- : 0:  token_attr (0.0.1) from /Users/michel/Code/token_attr/token_attr.gemspec
I, [2014-05-24T22:45:36.295717 #16930]  INFO -- : 0:  rake (10.1.1) from /Users/michel/.rbenv/versions/2.0.0-p247/lib/ruby/gems/2.0.0/specifications/rake-10.1.1.gemspec
I, [2014-05-24T22:45:36.297438 #16930]  INFO -- : 0:  i18n (0.6.9) from /Users/michel/.rbenv/versions/2.0.0-p247/lib/ruby/gems/2.0.0/specifications/i18n-0.6.9.gemspec
I, [2014-05-24T22:45:36.297844 #16930]  INFO -- : 0:  json (1.8.1) from /Users/michel/.rbenv/versions/2.0.0-p247/lib/ruby/gems/2.0.0/specifications/json-1.8.1.gemspec
I, [2014-05-24T22:45:36.298158 #16930]  INFO -- : 0:  minitest (5.3.2) from /Users/michel/.rbenv/versions/2.0.0-p247/lib/ruby/gems/2.0.0/specifications/minitest-5.3.2.gemspec
I, [2014-05-24T22:45:36.298474 #16930]  INFO -- : 0:  thread_safe (0.3.3) from /Users/michel/.rbenv/versions/2.0.0-p247/lib/ruby/gems/2.0.0/specifications/thread_safe-0.3.3.gemspec
I, [2014-05-24T22:45:36.298782 #16930]  INFO -- : 0:  tzinfo (1.1.0) from /Users/michel/.rbenv/versions/2.0.0-p247/lib/ruby/gems/2.0.0/specifications/tzinfo-1.1.0.gemspec
I, [2014-05-24T22:45:36.299094 #16930]  INFO -- : 0:  activesupport (4.1.0) from /Users/michel/.rbenv/versions/2.0.0-p247/lib/ruby/gems/2.0.0/specifications/activesupport-4.1.0.gemspec
I, [2014-05-24T22:45:36.299378 #16930]  INFO -- : 0:  builder (3.2.2) from /Users/michel/.rbenv/versions/2.0.0-p247/lib/ruby/gems/2.0.0/specifications/builder-3.2.2.gemspec
I, [2014-05-24T22:45:36.299654 #16930]  INFO -- : 0:  activemodel (4.1.0) from /Users/michel/.rbenv/versions/2.0.0-p247/lib/ruby/gems/2.0.0/specifications/activemodel-4.1.0.gemspec
I, [2014-05-24T22:45:36.299922 #16930]  INFO -- : 0:  arel (5.0.0) from /Users/michel/.rbenv/versions/2.0.0-p247/lib/ruby/gems/2.0.0/specifications/arel-5.0.0.gemspec
I, [2014-05-24T22:45:36.300174 #16930]  INFO -- : 0:  activerecord (4.1.0) from /Users/michel/.rbenv/versions/2.0.0-p247/lib/ruby/gems/2.0.0/specifications/activerecord-4.1.0.gemspec
I, [2014-05-24T22:45:36.300392 #16930]  INFO -- : 0:  bundler (1.5.1) from /Users/michel/.rbenv/versions/2.0.0-p247/lib/ruby/gems/2.0.0/specifications/bundler-1.5.1.gemspec
I, [2014-05-24T22:45:36.300642 #16930]  INFO -- : 0:  coderay (1.1.0) from /Users/michel/.rbenv/versions/2.0.0-p247/lib/ruby/gems/2.0.0/specifications/coderay-1.1.0.gemspec
I, [2014-05-24T22:45:36.300947 #16930]  INFO -- : 0:  diff-lcs (1.2.5) from /Users/michel/.rbenv/versions/2.0.0-p247/lib/ruby/gems/2.0.0/specifications/diff-lcs-1.2.5.gemspec
I, [2014-05-24T22:45:36.301226 #16930]  INFO -- : 0:  method_source (0.8.2) from /Users/michel/.rbenv/versions/2.0.0-p247/lib/ruby/gems/2.0.0/specifications/method_source-0.8.2.gemspec
I, [2014-05-24T22:45:36.301470 #16930]  INFO -- : 0:  slop (3.5.0) from /Users/michel/.rbenv/versions/2.0.0-p247/lib/ruby/gems/2.0.0/specifications/slop-3.5.0.gemspec
I, [2014-05-24T22:45:36.301727 #16930]  INFO -- : 0:  pry (0.9.12.6) from /Users/michel/.rbenv/versions/2.0.0-p247/lib/ruby/gems/2.0.0/specifications/pry-0.9.12.6.gemspec
I, [2014-05-24T22:45:36.301977 #16930]  INFO -- : 0:  rspec-core (2.14.8) from /Users/michel/.rbenv/versions/2.0.0-p247/lib/ruby/gems/2.0.0/specifications/rspec-core-2.14.8.gemspec
I, [2014-05-24T22:45:36.302234 #16930]  INFO -- : 0:  rspec-expectations (2.14.5) from /Users/michel/.rbenv/versions/2.0.0-p247/lib/ruby/gems/2.0.0/specifications/rspec-expectations-2.14.5.gemspec
I, [2014-05-24T22:45:36.302489 #16930]  INFO -- : 0:  rspec-mocks (2.14.6) from /Users/michel/.rbenv/versions/2.0.0-p247/lib/ruby/gems/2.0.0/specifications/rspec-mocks-2.14.6.gemspec
I, [2014-05-24T22:45:36.302739 #16930]  INFO -- : 0:  rspec (2.14.1) from /Users/michel/.rbenv/versions/2.0.0-p247/lib/ruby/gems/2.0.0/specifications/rspec-2.14.1.gemspec
I, [2014-05-24T22:45:36.329091 #16930]  INFO -- : 0:  token_attr (0.0.1) from /Users/michel/Code/token_attr/token_attr.gemspec
I, [2014-05-24T22:45:59.796615 #17078]  INFO -- : 0:  rake (10.1.1) from /Users/michel/.rbenv/versions/2.0.0-p247/lib/ruby/gems/2.0.0/specifications/rake-10.1.1.gemspec
I, [2014-05-24T22:45:59.796981 #17078]  INFO -- : 0:  i18n (0.6.9) from /Users/michel/.rbenv/versions/2.0.0-p247/lib/ruby/gems/2.0.0/specifications/i18n-0.6.9.gemspec
I, [2014-05-24T22:45:59.797230 #17078]  INFO -- : 0:  json (1.8.1) from /Users/michel/.rbenv/versions/2.0.0-p247/lib/ruby/gems/2.0.0/specifications/json-1.8.1.gemspec
I, [2014-05-24T22:45:59.797851 #17078]  INFO -- : 0:  minitest (5.3.2) from /Users/michel/.rbenv/versions/2.0.0-p247/lib/ruby/gems/2.0.0/specifications/minitest-5.3.2.gemspec
I, [2014-05-24T22:45:59.798069 #17078]  INFO -- : 0:  thread_safe (0.3.3) from /Users/michel/.rbenv/versions/2.0.0-p247/lib/ruby/gems/2.0.0/specifications/thread_safe-0.3.3.gemspec
I, [2014-05-24T22:45:59.798285 #17078]  INFO -- : 0:  tzinfo (1.1.0) from /Users/michel/.rbenv/versions/2.0.0-p247/lib/ruby/gems/2.0.0/specifications/tzinfo-1.1.0.gemspec
I, [2014-05-24T22:45:59.798507 #17078]  INFO -- : 0:  activesupport (4.1.0) from /Users/michel/.rbenv/versions/2.0.0-p247/lib/ruby/gems/2.0.0/specifications/activesupport-4.1.0.gemspec
I, [2014-05-24T22:45:59.798722 #17078]  INFO -- : 0:  builder (3.2.2) from /Users/michel/.rbenv/versions/2.0.0-p247/lib/ruby/gems/2.0.0/specifications/builder-3.2.2.gemspec
I, [2014-05-24T22:45:59.798937 #17078]  INFO -- : 0:  activemodel (4.1.0) from /Users/michel/.rbenv/versions/2.0.0-p247/lib/ruby/gems/2.0.0/specifications/activemodel-4.1.0.gemspec
I, [2014-05-24T22:45:59.799148 #17078]  INFO -- : 0:  arel (5.0.0) from /Users/michel/.rbenv/versions/2.0.0-p247/lib/ruby/gems/2.0.0/specifications/arel-5.0.0.gemspec
I, [2014-05-24T22:45:59.799360 #17078]  INFO -- : 0:  activerecord (4.1.0) from /Users/michel/.rbenv/versions/2.0.0-p247/lib/ruby/gems/2.0.0/specifications/activerecord-4.1.0.gemspec
I, [2014-05-24T22:45:59.799531 #17078]  INFO -- : 0:  bundler (1.5.1) from /Users/michel/.rbenv/versions/2.0.0-p247/lib/ruby/gems/2.0.0/specifications/bundler-1.5.1.gemspec
I, [2014-05-24T22:45:59.799738 #17078]  INFO -- : 0:  coderay (1.1.0) from /Users/michel/.rbenv/versions/2.0.0-p247/lib/ruby/gems/2.0.0/specifications/coderay-1.1.0.gemspec
I, [2014-05-24T22:45:59.799945 #17078]  INFO -- : 0:  diff-lcs (1.2.5) from /Users/michel/.rbenv/versions/2.0.0-p247/lib/ruby/gems/2.0.0/specifications/diff-lcs-1.2.5.gemspec
I, [2014-05-24T22:45:59.800151 #17078]  INFO -- : 0:  method_source (0.8.2) from /Users/michel/.rbenv/versions/2.0.0-p247/lib/ruby/gems/2.0.0/specifications/method_source-0.8.2.gemspec
I, [2014-05-24T22:45:59.800359 #17078]  INFO -- : 0:  slop (3.5.0) from /Users/michel/.rbenv/versions/2.0.0-p247/lib/ruby/gems/2.0.0/specifications/slop-3.5.0.gemspec
I, [2014-05-24T22:45:59.800566 #17078]  INFO -- : 0:  pry (0.9.12.6) from /Users/michel/.rbenv/versions/2.0.0-p247/lib/ruby/gems/2.0.0/specifications/pry-0.9.12.6.gemspec
I, [2014-05-24T22:45:59.800770 #17078]  INFO -- : 0:  rspec-core (2.14.8) from /Users/michel/.rbenv/versions/2.0.0-p247/lib/ruby/gems/2.0.0/specifications/rspec-core-2.14.8.gemspec
I, [2014-05-24T22:45:59.800965 #17078]  INFO -- : 0:  rspec-expectations (2.14.5) from /Users/michel/.rbenv/versions/2.0.0-p247/lib/ruby/gems/2.0.0/specifications/rspec-expectations-2.14.5.gemspec
I, [2014-05-24T22:45:59.801171 #17078]  INFO -- : 0:  rspec-mocks (2.14.6) from /Users/michel/.rbenv/versions/2.0.0-p247/lib/ruby/gems/2.0.0/specifications/rspec-mocks-2.14.6.gemspec
I, [2014-05-24T22:45:59.801373 #17078]  INFO -- : 0:  rspec (2.14.1) from /Users/michel/.rbenv/versions/2.0.0-p247/lib/ruby/gems/2.0.0/specifications/rspec-2.14.1.gemspec
I, [2014-05-24T22:45:59.824697 #17078]  INFO -- : 0:  token_attr (0.0.1) from /Users/michel/Code/token_attr/token_attr.gemspec
